<?xml version="1.0" encoding="UTF-8"?>
<!-- Generated by org.testng.reporters.JUnitReportReporter -->
<testsuite hostname="NODE1126" failures="0" tests="2" name="com.crm.qa.tests.LoginPageTest" time="23.023" errors="0" timestamp="2023-10-11T13:20:56 IST" skipped="0">
  <testcase classname="com.crm.qa.tests.LoginPageTest" name="loginTest" time="15.008"/>
  <testcase classname="com.crm.qa.tests.LoginPageTest" name="validateLoginPageTitle" time="8.015"/>
</testsuite> <!-- com.crm.qa.tests.LoginPageTest -->
