<?xml version="1.0" encoding="UTF-8"?>
<!-- Generated by org.testng.reporters.JUnitReportReporter -->
<testsuite hostname="NODE1126" failures="0" tests="4" name="com.crm.qa.tests.HomePageTest" time="73.101" errors="0" timestamp="2023-10-11T13:20:56 IST" skipped="0">
  <testcase classname="com.crm.qa.tests.HomePageTest" name="verifyHomePageTitleTest" time="15.847"/>
  <testcase classname="com.crm.qa.tests.HomePageTest" name="verifyUserNameTest" time="20.194"/>
  <testcase classname="com.crm.qa.tests.HomePageTest" name="hoverFunction" time="16.327"/>
  <testcase classname="com.crm.qa.tests.HomePageTest" name="verifyContactsLinkTest" time="20.733"/>
</testsuite> <!-- com.crm.qa.tests.HomePageTest -->
